

OK

+CMGL: 1,"REC READ","1410000129",,"13/05/21,15:19:52-16"
FRM:TransActionalWeb.Com
SUBJ:2013-05-21T15:19:50+00:00
MSG:STR https://transactionalweb.com/cloud/configfile.html?s=1880542631&u=3


+CMGL: 2,"REC READ","1410000130",,"13/05/21,15:36:06-16"
FRM:TransActionalWeb.Com
SUBJ:2013-05-21T15:36:04+00:00
MSG:STR https://transactionalweb.com/cloud/configfile.html?s=739850481&u=3


+CMGL: 3,"REC READ","+19082165054",,"13/05/21,16:36:12-16"
testing 123
+CMGL: 5,"REC READ","+19082165054",,"13/05/21,16:38:36-16"
hello
+CMGL: 6,"REC READ","1410000134",,"13/05/21,16:40:18-16"
FRM:TransActionalWeb.Com
SUBJ:2013-05-21T16:40:16+00:00
MSG:STR https://transactionalweb.com/cloud/configfile.html?s=289575506&u=3 STE


+CMGL: 7,"REC READ","+19082165054",,"13/05/21,16:40:31-16"
hi
+CMGL: 8,"REC READ","+19082165054",,"13/05/21,16:42:39-16"
gfghjo
+CMGL: 9,"REC READ","+19082165054",,"13/05/21,16:44:17-16"
ghhff
+CMGL: 10,"REC READ","+19082165054",,"13/05/21,18:49:07-16"
test 1234
+CMGL: 11,"REC READ","+19082165054",,"13/05/21,18:55:58-16"
tesyo
+CMGL: 12,"REC READ","1410000138",,"13/05/22,22:30:09-16"
FRM:TransActionalWeb.Com
SUBJ:2013-05-22T22:01:10+00:00
MSG:STR https://transactionalweb.com/cloud/configfile.html?s=1079912496&u=5 STE


+CMGL: 13,"REC READ","40404",,"13/05/25,15:35:34-16"
Discover Twitter!

Tap m.twitter.com/justjaredjr for more of their Tweets.
Reply DISCOVER OFF to stop.
+CMGL: 14,"REC READ","40404",,"13/05/25,15:35:35-16"
@justjaredjr: Zendaya & Trevor Jackson: BET's '106 & Park' Pair http://t.co/lT6bJUoMhj

+CMGL: 15,"REC READ","1410000139",,"13/05/27,10:40:53-16"
FRM:TransActionalWeb.Com
SUBJ:2013-05-27T10:40:51+00:00
MSG:STR https://transactionalweb.com/cloud/configfile.html?s=2078759193&u=3 STE


+CMGL: 16,"REC READ","+19082165054",,"13/05/27,13:02:59-16"
l test
+CMGL: 17,"REC READ","+19082165054",,"13/05/27,13:03:33-16"
gello
+CMGL: 18,"REC READ","1410000146",,"13/05/27,20:30:45-16"
FRM:TransActionalWeb.Com
SUBJ:2013-05-27T20:07:50+00:00
MSG:STR https://transactionalweb.com/cloud/configfile.html?s=1817710662&u=5 STE


+CMGL: 19,"REC READ","+19082165054",,"13/05/27,13:36:00-16"
mire
+CMGL: 20,"REC READ","1410000140",,"13/05/27,13:37:11-16"
FRM:TransActionalWeb.Com
SUBJ:2013-05-27T13:37:09+00:00
MSG:STR https://transactionalweb.com/cloud/configfile.html?s=668978688&u=3


+CMGL: 21,"REC READ","1410000165",,"13/05/27,21:37:26-16"
FRM:TransActionalWeb.Com
SUBJ:2013-05-27T21:05:45+00:00
MSG:STR https://transactionalweb.com/cloud/configfile.html?s=1959592822&u=3 STE


+CMGL: 22,"REC READ","1410000166",,"13/05/27,22:10:44-16"
FRM:TransActionalWeb.Com
SUBJ:2013-05-27T21:11:29+00:00
MSG:STR https://transactionalweb.com/cloud/configfile.html?s=603859823&u=3 STE


+CMGL: 23,"REC READ","1410000194",,"13/05/28,14:13:15-16"
FRM:TransActionalWeb.Com
SUBJ:2013-05-28T14:13:15+00:00
MSG:STR https://transactionalweb.com/cloud/configfile.html?s=1400568602&u=3 STE



OK

OK

OK

OK

OK

OK

+CMGL: 2,"REC READ","40404",,"13/05/28,15:38:04-16"
@Windows: New Kinect for @Windows Sensor coming next year! http://t.co/PrSAm0vXDc

+CMGL: 3,"REC READ","40404",,"13/05/28,15:38:05-16"
Discover Twitter!

Tap m.twitter.com/Windows for more of their Tweets.
Reply DISCOVER OFF to stop.

OK

OK

OK

OK

OK

OK

+CMGL: 1,"REC READ","1410000200",,"13/05/28,22:59:18-16"
FRM:TransActionalWeb.Com
SUBJ:2013-05-28T22:59:16+00:00
MSG:STR https://transactionalweb.com/cloud/configfile.html?s=1138163639&u=3 STE


+CMGL: 2,"REC READ","1410000201",,"13/05/28,23:01:38-16"
FRM:TransActionalWeb.Com
SUBJ:2013-05-28T23:01:37+00:00
MSG:STR https://transactionalweb.com/cloud/configfile.html?s=1065835256&u=3 STE


+CMGL: 3,"REC READ","1410000202",,"13/05/28,23:03:52-16"
FRM:TransActionalWeb.Com
SUBJ:2013-05-28T23:03:50+00:00
MSG:STR https://transactionalweb.com/cloud/configfile.html?s=514930083&u=3 STE


+CMGL: 4,"REC READ","+19082165054",,"13/05/28,23:04:19-16"
hello 12

OK

OK

OK

+CMGL: 1,"REC READ","+19082165054",,"13/05/28,23:04:51-16"
hello 13
+CMGL: 2,"REC READ","+19082165054",,"13/05/28,23:05:28-16"
hello 15
+CMGL: 3,"REC READ","1410000203",,"13/05/28,23:05:35-16"
FRM:TransActionalWeb.Com
SUBJ:2013-05-28T23:05:34+00:00
MSG:STR https://transactionalweb.com/cloud/configfile.html?s=1277160257&u=3 STE


+CMGL: 4,"REC READ","+19082165054",,"13/05/28,23:06:01-16"
hrllo 15
+CMGL: 5,"REC READ","1410000204",,"13/05/28,23:11:57-16"
FRM:TransActionalWeb.Com
SUBJ:2013-05-28T23:11:56+00:00
MSG:STR https://transactionalweb.com/cloud/configfile.html?s=1479603794&u=3 STE


+CMGL: 6,"REC READ","+19082165054",,"13/05/28,23:11:59-16"
hello 30

OK

OK

OK

+CMGL: 1,"REC READ","1410000205",,"13/05/28,23:13:12-16"
FRM:TransActionalWeb.Com
SUBJ:2013-05-28T23:13:11+00:00
MSG:STR https://transactionalweb.com/cloud/configfile.html?s=1419893373&u=3 STE


+CMGL: 2,"REC READ","1410000206",,"13/05/28,23:15:47-16"
FRM:TransActionalWeb.Com
SUBJ:2013-05-28T23:15:45+00:00
MSG:STR https://transactionalweb.com/cloud/configfile.html?s=1060049044&u=3 STE



OK

OK

OK

+CMGL: 1,"REC READ","1410000207",,"13/05/28,23:17:03-16"
FRM:TransActionalWeb.Com
SUBJ:2013-05-28T23:17:02+00:00
MSG:STR https://transactionalweb.com/cloud/configfile.html?s=2071688965&u=3 STE


+CMGL: 2,"REC READ","1410000208",,"13/05/28,23:18:43-16"
FRM:Benjamin West 
SUBJ:Re: another test
MSG:ahslkjdsf
+CMGL: 3,"REC READ","1410000209",,"13/05/28,23:32:06-16"
FRM:Benjamin West 
SUBJ:Re: another test
MSG:asdfsd
+CMGL: 4,"REC READ","1410000210",,"13/05/28,23:36:38-16"
FRM:Benjamin West 
SUBJ:Re: another test
MSG:another new one

OK

OK

OK

OK

OK

OK

OK

OK
